This file contains any messages produced by compilers while
running configure, to aid debugging if configure makes a mistake.

It was created by configure, which was
generated by GNU Autoconf 2.69.  Invocation command line was

  $ ./configure --enable-maintainer-mode

## --------- ##
## Platform. ##
## --------- ##

hostname = harshil-VirtualBox
uname -m = i686
uname -r = 3.19.0-32-generic
uname -s = Linux
uname -v = #37~14.04.1-Ubuntu SMP Thu Oct 22 09:37:25 UTC 2015

/usr/bin/uname -p = unknown
/bin/uname -X     = unknown

/bin/arch              = unknown
/usr/bin/arch -k       = unknown
/usr/convex/getsysinfo = unknown
/usr/bin/hostinfo      = unknown
/bin/machine           = unknown
/usr/bin/oslevel       = unknown
/bin/universe          = unknown

PATH: /home/harshil/bin
PATH: /usr/local/sbin
PATH: /usr/local/bin
PATH: /usr/sbin
PATH: /usr/bin
PATH: /sbin
PATH: /bin
PATH: /usr/games
PATH: /usr/local/games


## ----------- ##
## Core tests. ##
## ----------- ##

configure:2239: checking for a BSD-compatible install
configure:2307: result: /usr/bin/install -c
configure:2318: checking whether build environment is sane
configure:2373: result: yes
configure:2524: checking for a thread-safe mkdir -p
configure:2563: result: /bin/mkdir -p
configure:2570: checking for gawk
configure:2586: found /usr/bin/gawk
configure:2597: result: gawk
configure:2608: checking whether make sets $(MAKE)
configure:2630: result: yes
configure:2659: checking whether make supports nested variables
configure:2676: result: yes
configure:2805: checking whether to enable maintainer-specific portions of Makefiles
configure:2814: result: yes
configure:2840: checking for style of include used by make
configure:2868: result: GNU
configure:2939: checking for gcc
configure:2955: found /usr/bin/gcc
configure:2966: result: gcc
configure:3195: checking for C compiler version
configure:3204: gcc --version >&5
gcc (Ubuntu 4.8.4-2ubuntu1~14.04.1) 4.8.4
Copyright (C) 2013 Free Software Foundation, Inc.
This is free software; see the source for copying conditions.  There is NO
warranty; not even for MERCHANTABILITY or FITNESS FOR A PARTICULAR PURPOSE.

configure:3215: $? = 0
configure:3204: gcc -v >&5
Using built-in specs.
COLLECT_GCC=gcc
COLLECT_LTO_WRAPPER=/usr/lib/gcc/i686-linux-gnu/4.8/lto-wrapper
Target: i686-linux-gnu
Configured with: ../src/configure -v --with-pkgversion='Ubuntu 4.8.4-2ubuntu1~14.04.1' --with-bugurl=file:///usr/share/doc/gcc-4.8/README.Bugs --enable-languages=c,c++,java,go,d,fortran,objc,obj-c++ --prefix=/usr --program-suffix=-4.8 --enable-shared --enable-linker-build-id --libexecdir=/usr/lib --without-included-gettext --enable-threads=posix --with-gxx-include-dir=/usr/include/c++/4.8 --libdir=/usr/lib --enable-nls --with-sysroot=/ --enable-clocale=gnu --enable-libstdcxx-debug --enable-libstdcxx-time=yes --enable-gnu-unique-object --disable-libmudflap --enable-plugin --with-system-zlib --disable-browser-plugin --enable-java-awt=gtk --enable-gtk-cairo --with-java-home=/usr/lib/jvm/java-1.5.0-gcj-4.8-i386/jre --enable-java-home --with-jvm-root-dir=/usr/lib/jvm/java-1.5.0-gcj-4.8-i386 --with-jvm-jar-dir=/usr/lib/jvm-exports/java-1.5.0-gcj-4.8-i386 --with-arch-directory=i386 --with-ecj-jar=/usr/share/java/eclipse-ecj.jar --enable-objc-gc --enable-targets=all --enable-multiarch --disable-werror --with-arch-32=i686 --with-multilib-list=m32,m64,mx32 --with-tune=generic --enable-checking=release --build=i686-linux-gnu --host=i686-linux-gnu --target=i686-linux-gnu
Thread model: posix
gcc version 4.8.4 (Ubuntu 4.8.4-2ubuntu1~14.04.1) 
configure:3215: $? = 0
configure:3204: gcc -V >&5
gcc: error: unrecognized command line option '-V'
gcc: fatal error: no input files
compilation terminated.
configure:3215: $? = 4
configure:3204: gcc -qversion >&5
gcc: error: unrecognized command line option '-qversion'
gcc: fatal error: no input files
compilation terminated.
configure:3215: $? = 4
configure:3235: checking whether the C compiler works
configure:3257: gcc    conftest.c  >&5
configure:3261: $? = 0
configure:3309: result: yes
configure:3312: checking for C compiler default output file name
configure:3314: result: a.out
configure:3320: checking for suffix of executables
configure:3327: gcc -o conftest    conftest.c  >&5
configure:3331: $? = 0
configure:3353: result: 
configure:3375: checking whether we are cross compiling
configure:3383: gcc -o conftest    conftest.c  >&5
configure:3387: $? = 0
configure:3394: ./conftest
configure:3398: $? = 0
configure:3413: result: no
configure:3418: checking for suffix of object files
configure:3440: gcc -c   conftest.c >&5
configure:3444: $? = 0
configure:3465: result: o
configure:3469: checking whether we are using the GNU C compiler
configure:3488: gcc -c   conftest.c >&5
configure:3488: $? = 0
configure:3497: result: yes
configure:3506: checking whether gcc accepts -g
configure:3526: gcc -c -g  conftest.c >&5
configure:3526: $? = 0
configure:3567: result: yes
configure:3584: checking for gcc option to accept ISO C89
configure:3647: gcc  -c -g -O2  conftest.c >&5
configure:3647: $? = 0
configure:3660: result: none needed
configure:3685: checking whether gcc understands -c and -o together
configure:3707: gcc -c conftest.c -o conftest2.o
configure:3710: $? = 0
configure:3707: gcc -c conftest.c -o conftest2.o
configure:3710: $? = 0
configure:3722: result: yes
configure:3741: checking dependency style of gcc
configure:3852: result: gcc3
configure:3868: checking for library containing strerror
configure:3899: gcc -o conftest -g -O2   conftest.c  >&5
configure:3899: $? = 0
configure:3916: result: none required
configure:3972: checking for gcc
configure:3999: result: gcc
configure:4228: checking for C compiler version
configure:4237: gcc --version >&5
gcc (Ubuntu 4.8.4-2ubuntu1~14.04.1) 4.8.4
Copyright (C) 2013 Free Software Foundation, Inc.
This is free software; see the source for copying conditions.  There is NO
warranty; not even for MERCHANTABILITY or FITNESS FOR A PARTICULAR PURPOSE.

configure:4248: $? = 0
configure:4237: gcc -v >&5
Using built-in specs.
COLLECT_GCC=gcc
COLLECT_LTO_WRAPPER=/usr/lib/gcc/i686-linux-gnu/4.8/lto-wrapper
Target: i686-linux-gnu
Configured with: ../src/configure -v --with-pkgversion='Ubuntu 4.8.4-2ubuntu1~14.04.1' --with-bugurl=file:///usr/share/doc/gcc-4.8/README.Bugs --enable-languages=c,c++,java,go,d,fortran,objc,obj-c++ --prefix=/usr --program-suffix=-4.8 --enable-shared --enable-linker-build-id --libexecdir=/usr/lib --without-included-gettext --enable-threads=posix --with-gxx-include-dir=/usr/include/c++/4.8 --libdir=/usr/lib --enable-nls --with-sysroot=/ --enable-clocale=gnu --enable-libstdcxx-debug --enable-libstdcxx-time=yes --enable-gnu-unique-object --disable-libmudflap --enable-plugin --with-system-zlib --disable-browser-plugin --enable-java-awt=gtk --enable-gtk-cairo --with-java-home=/usr/lib/jvm/java-1.5.0-gcj-4.8-i386/jre --enable-java-home --with-jvm-root-dir=/usr/lib/jvm/java-1.5.0-gcj-4.8-i386 --with-jvm-jar-dir=/usr/lib/jvm-exports/java-1.5.0-gcj-4.8-i386 --with-arch-directory=i386 --with-ecj-jar=/usr/share/java/eclipse-ecj.jar --enable-objc-gc --enable-targets=all --enable-multiarch --disable-werror --with-arch-32=i686 --with-multilib-list=m32,m64,mx32 --with-tune=generic --enable-checking=release --build=i686-linux-gnu --host=i686-linux-gnu --target=i686-linux-gnu
Thread model: posix
gcc version 4.8.4 (Ubuntu 4.8.4-2ubuntu1~14.04.1) 
configure:4248: $? = 0
configure:4237: gcc -V >&5
gcc: error: unrecognized command line option '-V'
gcc: fatal error: no input files
compilation terminated.
configure:4248: $? = 4
configure:4237: gcc -qversion >&5
gcc: error: unrecognized command line option '-qversion'
gcc: fatal error: no input files
compilation terminated.
configure:4248: $? = 4
configure:4252: checking whether we are using the GNU C compiler
configure:4280: result: yes
configure:4289: checking whether gcc accepts -g
configure:4350: result: yes
configure:4367: checking for gcc option to accept ISO C89
configure:4443: result: none needed
configure:4468: checking whether gcc understands -c and -o together
configure:4505: result: yes
configure:4524: checking dependency style of gcc
configure:4635: result: gcc3
configure:4693: checking for ranlib
configure:4709: found /usr/bin/ranlib
configure:4720: result: ranlib
configure:4791: checking for ar
configure:4807: found /usr/bin/ar
configure:4818: result: ar
configure:4844: checking the archiver (ar) interface
configure:4860: gcc -c -g -O2  conftest.c >&5
configure:4860: $? = 0
configure:4862: ar cru libconftest.a conftest.o >&5
configure:4865: $? = 0
configure:4893: result: ar
configure:4918: checking how to run the C preprocessor
configure:4949: gcc -E  conftest.c
configure:4949: $? = 0
configure:4963: gcc -E  conftest.c
conftest.c:11:28: fatal error: ac_nonexistent.h: No such file or directory
 #include <ac_nonexistent.h>
                            ^
compilation terminated.
configure:4963: $? = 1
configure: failed program was:
| /* confdefs.h */
| #define PACKAGE_NAME ""
| #define PACKAGE_TARNAME ""
| #define PACKAGE_VERSION ""
| #define PACKAGE_STRING ""
| #define PACKAGE_BUGREPORT ""
| #define PACKAGE_URL ""
| #define PACKAGE "xournal"
| #define VERSION "0.4.8"
| /* end confdefs.h.  */
| #include <ac_nonexistent.h>
configure:4988: result: gcc -E
configure:5008: gcc -E  conftest.c
configure:5008: $? = 0
configure:5022: gcc -E  conftest.c
conftest.c:11:28: fatal error: ac_nonexistent.h: No such file or directory
 #include <ac_nonexistent.h>
                            ^
compilation terminated.
configure:5022: $? = 1
configure: failed program was:
| /* confdefs.h */
| #define PACKAGE_NAME ""
| #define PACKAGE_TARNAME ""
| #define PACKAGE_VERSION ""
| #define PACKAGE_STRING ""
| #define PACKAGE_BUGREPORT ""
| #define PACKAGE_URL ""
| #define PACKAGE "xournal"
| #define VERSION "0.4.8"
| /* end confdefs.h.  */
| #include <ac_nonexistent.h>
configure:5051: checking for grep that handles long lines and -e
configure:5109: result: /bin/grep
configure:5114: checking for egrep
configure:5176: result: /bin/grep -E
configure:5181: checking for ANSI C header files
configure:5201: gcc -c -g -O2  conftest.c >&5
configure:5201: $? = 0
configure:5274: gcc -o conftest -g -O2   conftest.c  >&5
configure:5274: $? = 0
configure:5274: ./conftest
configure:5274: $? = 0
configure:5285: result: yes
configure:5351: checking for pkg-config
configure:5369: found /usr/bin/pkg-config
configure:5381: result: /usr/bin/pkg-config
configure:5406: checking pkg-config is at least version 0.9.0
configure:5409: result: yes
configure:5419: checking for PACKAGE
configure:5426: $PKG_CONFIG --exists --print-errors "$pkg_modules"
configure:5429: $? = 0
configure:5443: $PKG_CONFIG --exists --print-errors "$pkg_modules"
configure:5446: $? = 0
configure:5504: result: yes
configure:5515: checking build system type
configure:5529: result: i686-pc-linux-gnu
configure:5549: checking host system type
configure:5562: result: i686-pc-linux-gnu
configure:5582: checking for Windows environment
configure:5590: result: no
configure:5615: checking for sys/types.h
configure:5615: gcc -c -g -O2  conftest.c >&5
configure:5615: $? = 0
configure:5615: result: yes
configure:5615: checking for sys/stat.h
configure:5615: gcc -c -g -O2  conftest.c >&5
configure:5615: $? = 0
configure:5615: result: yes
configure:5615: checking for stdlib.h
configure:5615: gcc -c -g -O2  conftest.c >&5
configure:5615: $? = 0
configure:5615: result: yes
configure:5615: checking for string.h
configure:5615: gcc -c -g -O2  conftest.c >&5
configure:5615: $? = 0
configure:5615: result: yes
configure:5615: checking for memory.h
configure:5615: gcc -c -g -O2  conftest.c >&5
configure:5615: $? = 0
configure:5615: result: yes
configure:5615: checking for strings.h
configure:5615: gcc -c -g -O2  conftest.c >&5
configure:5615: $? = 0
configure:5615: result: yes
configure:5615: checking for inttypes.h
configure:5615: gcc -c -g -O2  conftest.c >&5
configure:5615: $? = 0
configure:5615: result: yes
configure:5615: checking for stdint.h
configure:5615: gcc -c -g -O2  conftest.c >&5
configure:5615: $? = 0
configure:5615: result: yes
configure:5615: checking for unistd.h
configure:5615: gcc -c -g -O2  conftest.c >&5
configure:5615: $? = 0
configure:5615: result: yes
configure:5630: checking locale.h usability
configure:5630: gcc -c -g -O2  conftest.c >&5
configure:5630: $? = 0
configure:5630: result: yes
configure:5630: checking locale.h presence
configure:5630: gcc -E  conftest.c
configure:5630: $? = 0
configure:5630: result: yes
configure:5630: checking for locale.h
configure:5630: result: yes
configure:5641: checking for LC_MESSAGES
configure:5657: gcc -o conftest -g -O2   -lz -lm conftest.c  >&5
configure:5657: $? = 0
configure:5665: result: yes
configure:5682: checking libintl.h usability
configure:5682: gcc -c -g -O2  conftest.c >&5
configure:5682: $? = 0
configure:5682: result: yes
configure:5682: checking libintl.h presence
configure:5682: gcc -E  conftest.c
configure:5682: $? = 0
configure:5682: result: yes
configure:5682: checking for libintl.h
configure:5682: result: yes
configure:5690: checking for ngettext in libc
configure:5708: gcc -o conftest -g -O2   -lz -lm conftest.c  >&5
configure:5708: $? = 0
configure:5717: result: yes
configure:5721: checking for dgettext in libc
configure:5739: gcc -o conftest -g -O2   -lz -lm conftest.c  >&5
configure:5739: $? = 0
configure:5748: result: yes
configure:5755: checking for bind_textdomain_codeset
configure:5755: gcc -o conftest -g -O2   -lz -lm conftest.c  >&5
configure:5755: $? = 0
configure:5755: result: yes
configure:6031: checking for msgfmt
configure:6058: result: /usr/bin/msgfmt
configure:6069: checking for dcgettext
configure:6069: gcc -o conftest -g -O2   -lz -lm conftest.c   >&5
conftest.c:49:6: warning: conflicting types for built-in function 'dcgettext' [enabled by default]
 char dcgettext ();
      ^
configure:6069: $? = 0
configure:6069: result: yes
configure:6079: checking if msgfmt accepts -c
configure:6094: $MSGFMT -c -o /dev/null conftest.foo
conftest.foo:3: warning: header field 'Language' missing in header
configure:6097: $? = 0
configure:6099: result: yes
configure:6109: checking for gmsgfmt
configure:6140: result: /usr/bin/msgfmt
configure:6150: checking for xgettext
configure:6177: result: /usr/bin/xgettext
configure:6196: gcc -o conftest -g -O2   -lz -lm conftest.c   >&5
configure:6196: $? = 0
configure:6278: checking for catalogs to be installed
configure:6303: result:  ca cs de es fr ja it nl pl pt_BR zh_CN zh_TW
configure:6447: checking that generated files are newer than configure
configure:6453: result: done
configure:6488: creating ./config.status

## ---------------------- ##
## Running config.status. ##
## ---------------------- ##

This file was extended by config.status, which was
generated by GNU Autoconf 2.69.  Invocation command line was

  CONFIG_FILES    = 
  CONFIG_HEADERS  = 
  CONFIG_LINKS    = 
  CONFIG_COMMANDS = 
  $ ./config.status 

on harshil-VirtualBox

config.status:906: creating Makefile
config.status:906: creating src/Makefile
config.status:906: creating src/ttsubset/Makefile
config.status:906: creating po/Makefile.in
config.status:906: creating config.h
config.status:1087: config.h is unchanged
config.status:1135: executing depfiles commands
config.status:1135: executing default-1 commands

## ---------------- ##
## Cache variables. ##
## ---------------- ##

ac_cv_build=i686-pc-linux-gnu
ac_cv_c_compiler_gnu=yes
ac_cv_env_CC_set=
ac_cv_env_CC_value=
ac_cv_env_CFLAGS_set=
ac_cv_env_CFLAGS_value=
ac_cv_env_CPPFLAGS_set=
ac_cv_env_CPPFLAGS_value=
ac_cv_env_CPP_set=
ac_cv_env_CPP_value=
ac_cv_env_LDFLAGS_set=
ac_cv_env_LDFLAGS_value=
ac_cv_env_LIBS_set=
ac_cv_env_LIBS_value=
ac_cv_env_PACKAGE_CFLAGS_set=
ac_cv_env_PACKAGE_CFLAGS_value=
ac_cv_env_PACKAGE_LIBS_set=
ac_cv_env_PACKAGE_LIBS_value=
ac_cv_env_PKG_CONFIG_LIBDIR_set=
ac_cv_env_PKG_CONFIG_LIBDIR_value=
ac_cv_env_PKG_CONFIG_PATH_set=
ac_cv_env_PKG_CONFIG_PATH_value=
ac_cv_env_PKG_CONFIG_set=
ac_cv_env_PKG_CONFIG_value=
ac_cv_env_build_alias_set=
ac_cv_env_build_alias_value=
ac_cv_env_host_alias_set=
ac_cv_env_host_alias_value=
ac_cv_env_target_alias_set=
ac_cv_env_target_alias_value=
ac_cv_func_bind_textdomain_codeset=yes
ac_cv_func_dcgettext=yes
ac_cv_header_inttypes_h=yes
ac_cv_header_libintl_h=yes
ac_cv_header_locale_h=yes
ac_cv_header_memory_h=yes
ac_cv_header_stdc=yes
ac_cv_header_stdint_h=yes
ac_cv_header_stdlib_h=yes
ac_cv_header_string_h=yes
ac_cv_header_strings_h=yes
ac_cv_header_sys_stat_h=yes
ac_cv_header_sys_types_h=yes
ac_cv_header_unistd_h=yes
ac_cv_host=i686-pc-linux-gnu
ac_cv_objext=o
ac_cv_path_EGREP='/bin/grep -E'
ac_cv_path_GMSGFMT=/usr/bin/msgfmt
ac_cv_path_GREP=/bin/grep
ac_cv_path_MSGFMT=/usr/bin/msgfmt
ac_cv_path_XGETTEXT=/usr/bin/xgettext
ac_cv_path_ac_pt_PKG_CONFIG=/usr/bin/pkg-config
ac_cv_path_install='/usr/bin/install -c'
ac_cv_path_mkdir=/bin/mkdir
ac_cv_prog_AWK=gawk
ac_cv_prog_CPP='gcc -E'
ac_cv_prog_ac_ct_AR=ar
ac_cv_prog_ac_ct_CC=gcc
ac_cv_prog_ac_ct_RANLIB=ranlib
ac_cv_prog_cc_c89=
ac_cv_prog_cc_g=yes
ac_cv_prog_make_make_set=yes
ac_cv_search_strerror='none required'
am_cv_CC_dependencies_compiler_type=gcc3
am_cv_ar_interface=ar
am_cv_make_support_nested_variables=yes
am_cv_prog_cc_c_o=yes
am_cv_val_LC_MESSAGES=yes
gt_cv_func_dgettext_libc=yes
gt_cv_func_dgettext_libintl=no
gt_cv_func_ngettext_libc=yes
gt_cv_have_gettext=yes
pkg_cv_PACKAGE_CFLAGS='-pthread -I/usr/include/gtk-2.0 -I/usr/lib/i386-linux-gnu/gtk-2.0/include -I/usr/include/atk-1.0 -I/usr/include/cairo -I/usr/include/gdk-pixbuf-2.0 -I/usr/include/pango-1.0 -I/usr/include/gio-unix-2.0/ -I/usr/include/freetype2 -I/usr/include/glib-2.0 -I/usr/lib/i386-linux-gnu/glib-2.0/include -I/usr/include/pixman-1 -I/usr/include/libpng12 -I/usr/include/harfbuzz -I/usr/include/libgnomecanvas-2.0 -I/usr/include/gail-1.0 -I/usr/include/libart-2.0 -I/usr/include/poppler/glib -I/usr/include/poppler  '
pkg_cv_PACKAGE_LIBS='-lgnomecanvas-2 -lart_lgpl_2 -lgtk-x11-2.0 -lgdk-x11-2.0 -latk-1.0 -lpangocairo-1.0 -lgdk_pixbuf-2.0 -lpoppler-glib -lgio-2.0 -lcairo -lpangoft2-1.0 -lpango-1.0 -lfontconfig -lgobject-2.0 -lglib-2.0 -lfreetype  '

## ----------------- ##
## Output variables. ##
## ----------------- ##

ACLOCAL='${SHELL} /home/harshil/Desktop/xournal-0.4.8-modified/missing aclocal-1.14'
AMDEPBACKSLASH='\'
AMDEP_FALSE='#'
AMDEP_TRUE=''
AMTAR='$${TAR-tar}'
AM_BACKSLASH='\'
AM_DEFAULT_V='$(AM_DEFAULT_VERBOSITY)'
AM_DEFAULT_VERBOSITY='1'
AM_V='$(V)'
AR='ar'
AUTOCONF='${SHELL} /home/harshil/Desktop/xournal-0.4.8-modified/missing autoconf'
AUTOHEADER='${SHELL} /home/harshil/Desktop/xournal-0.4.8-modified/missing autoheader'
AUTOMAKE='${SHELL} /home/harshil/Desktop/xournal-0.4.8-modified/missing automake-1.14'
AWK='gawk'
CATALOGS=' ca.gmo cs.gmo de.gmo es.gmo fr.gmo ja.gmo it.gmo nl.gmo pl.gmo pt_BR.gmo zh_CN.gmo zh_TW.gmo'
CATOBJEXT='.gmo'
CC='gcc'
CCDEPMODE='depmode=gcc3'
CFLAGS='-g -O2'
CPP='gcc -E'
CPPFLAGS=''
CYGPATH_W='echo'
DATADIRNAME='share'
DEFS='-DHAVE_CONFIG_H'
DEPDIR='.deps'
ECHO_C=''
ECHO_N='-n'
ECHO_T=''
EGREP='/bin/grep -E'
EXEEXT=''
GETTEXT_PACKAGE='xournal'
GMOFILES=' ca.gmo cs.gmo de.gmo es.gmo fr.gmo ja.gmo it.gmo nl.gmo pl.gmo pt_BR.gmo zh_CN.gmo zh_TW.gmo'
GMSGFMT='/usr/bin/msgfmt'
GREP='/bin/grep'
INSTALL_DATA='${INSTALL} -m 644'
INSTALL_PROGRAM='${INSTALL}'
INSTALL_SCRIPT='${INSTALL}'
INSTALL_STRIP_PROGRAM='$(install_sh) -c -s'
INSTOBJEXT='.mo'
INTLLIBS=''
LDFLAGS=' -lz -lm'
LIBOBJS=''
LIBS=''
LTLIBOBJS=''
MAINT=''
MAINTAINER_MODE_FALSE='#'
MAINTAINER_MODE_TRUE=''
MAKEINFO='${SHELL} /home/harshil/Desktop/xournal-0.4.8-modified/missing makeinfo'
MKDIR_P='/bin/mkdir -p'
MKINSTALLDIRS='./mkinstalldirs'
MSGFMT='/usr/bin/msgfmt'
MSGFMT_OPTS='-c'
OBJEXT='o'
PACKAGE='xournal'
PACKAGE_BUGREPORT=''
PACKAGE_CFLAGS='-pthread -I/usr/include/gtk-2.0 -I/usr/lib/i386-linux-gnu/gtk-2.0/include -I/usr/include/atk-1.0 -I/usr/include/cairo -I/usr/include/gdk-pixbuf-2.0 -I/usr/include/pango-1.0 -I/usr/include/gio-unix-2.0/ -I/usr/include/freetype2 -I/usr/include/glib-2.0 -I/usr/lib/i386-linux-gnu/glib-2.0/include -I/usr/include/pixman-1 -I/usr/include/libpng12 -I/usr/include/harfbuzz -I/usr/include/libgnomecanvas-2.0 -I/usr/include/gail-1.0 -I/usr/include/libart-2.0 -I/usr/include/poppler/glib -I/usr/include/poppler  '
PACKAGE_LIBS='-lgnomecanvas-2 -lart_lgpl_2 -lgtk-x11-2.0 -lgdk-x11-2.0 -latk-1.0 -lpangocairo-1.0 -lgdk_pixbuf-2.0 -lpoppler-glib -lgio-2.0 -lcairo -lpangoft2-1.0 -lpango-1.0 -lfontconfig -lgobject-2.0 -lglib-2.0 -lfreetype  '
PACKAGE_NAME=''
PACKAGE_STRING=''
PACKAGE_TARNAME=''
PACKAGE_URL=''
PACKAGE_VERSION=''
PATH_SEPARATOR=':'
PKG_CONFIG='/usr/bin/pkg-config'
PKG_CONFIG_LIBDIR=''
PKG_CONFIG_PATH=''
POFILES=' ca.po cs.po de.po es.po fr.po ja.po it.po nl.po pl.po pt_BR.po zh_CN.po zh_TW.po'
POSUB='po'
PO_IN_DATADIR_FALSE=''
PO_IN_DATADIR_TRUE=''
RANLIB='ranlib'
SET_MAKE=''
SHELL='/bin/bash'
STRIP=''
USE_NLS='yes'
VERSION='0.4.8'
WIN32_FALSE=''
WIN32_TRUE='#'
XGETTEXT='/usr/bin/xgettext'
ac_ct_AR='ar'
ac_ct_CC='gcc'
am__EXEEXT_FALSE=''
am__EXEEXT_TRUE='#'
am__fastdepCC_FALSE='#'
am__fastdepCC_TRUE=''
am__include='include'
am__isrc=''
am__leading_dot='.'
am__nodep='_no'
am__quote=''
am__tar='$${TAR-tar} chof - "$$tardir"'
am__untar='$${TAR-tar} xf -'
bindir='${exec_prefix}/bin'
build='i686-pc-linux-gnu'
build_alias=''
build_cpu='i686'
build_os='linux-gnu'
build_vendor='pc'
datadir='${datarootdir}'
datarootdir='${prefix}/share'
docdir='${datarootdir}/doc/${PACKAGE}'
dvidir='${docdir}'
exec_prefix='${prefix}'
host='i686-pc-linux-gnu'
host_alias=''
host_cpu='i686'
host_os='linux-gnu'
host_vendor='pc'
htmldir='${docdir}'
includedir='${prefix}/include'
infodir='${datarootdir}/info'
install_sh='${SHELL} /home/harshil/Desktop/xournal-0.4.8-modified/install-sh'
libdir='${exec_prefix}/lib'
libexecdir='${exec_prefix}/libexec'
localedir='${datarootdir}/locale'
localstatedir='${prefix}/var'
mandir='${datarootdir}/man'
mkdir_p='$(MKDIR_P)'
oldincludedir='/usr/include'
pdfdir='${docdir}'
prefix='/usr/local'
program_transform_name='s,x,x,'
psdir='${docdir}'
sbindir='${exec_prefix}/sbin'
sharedstatedir='${prefix}/com'
sysconfdir='${prefix}/etc'
target_alias=''

## ----------- ##
## confdefs.h. ##
## ----------- ##

/* confdefs.h */
#define PACKAGE_NAME ""
#define PACKAGE_TARNAME ""
#define PACKAGE_VERSION ""
#define PACKAGE_STRING ""
#define PACKAGE_BUGREPORT ""
#define PACKAGE_URL ""
#define PACKAGE "xournal"
#define VERSION "0.4.8"
#define STDC_HEADERS 1
#define GETTEXT_PACKAGE "xournal"
#define HAVE_SYS_TYPES_H 1
#define HAVE_SYS_STAT_H 1
#define HAVE_STDLIB_H 1
#define HAVE_STRING_H 1
#define HAVE_MEMORY_H 1
#define HAVE_STRINGS_H 1
#define HAVE_INTTYPES_H 1
#define HAVE_STDINT_H 1
#define HAVE_UNISTD_H 1
#define HAVE_LOCALE_H 1
#define HAVE_LC_MESSAGES 1
#define HAVE_BIND_TEXTDOMAIN_CODESET 1
#define HAVE_GETTEXT 1
#define HAVE_DCGETTEXT 1
#define ENABLE_NLS 1

configure: exit 0
